<?xml version="1.0" encoding="UTF-8"?>
<!-- Generated by org.testng.reporters.JUnitReportReporter -->
<testsuite skipped="0" hostname="3FC-VDI282" name="com.qa.gmail.testcases.SignInTest" tests="2" failures="0" timestamp="2020-07-19T20:49:36 IST" time="27.290" errors="0">
  <testcase name="validateHeadingText" time="13.031" classname="com.qa.gmail.testcases.SignInTest"/>
  <system-out/>
  <testcase name="validateSignIN" time="14.259" classname="com.qa.gmail.testcases.SignInTest"/>
  <system-out/>
</testsuite> <!-- com.qa.gmail.testcases.SignInTest -->
