<?xml version="1.0" encoding="UTF-8"?>
<!-- Generated by org.testng.reporters.JUnitReportReporter -->
<testsuite skipped="0" hostname="3FC-VDI282" name="com.qa.gmail.testcases.LogInTest" tests="3" failures="0" timestamp="2020-07-20T15:17:23 IST" time="64.889" errors="0">
  <testcase name="verifyLogin" time="30.474" classname="com.qa.gmail.testcases.LogInTest"/>
  <system-out/>
  <testcase name="verifyInvalidPassword" time="20.608" classname="com.qa.gmail.testcases.LogInTest"/>
  <system-out/>
  <testcase name="verifyInvaildUsername" time="13.807" classname="com.qa.gmail.testcases.LogInTest"/>
  <system-out/>
</testsuite> <!-- com.qa.gmail.testcases.LogInTest -->
