<?xml version="1.0" encoding="UTF-8"?>
<!-- Generated by org.testng.reporters.JUnitReportReporter -->
<testsuite skipped="0" hostname="3FC-VDI282" name="com.qa.gmail.testcases.GmailLogInTest" tests="1" failures="0" timestamp="2020-07-20T00:58:02 IST" time="27.304" errors="0">
  <testcase name="LoginGmail" time="27.304" classname="com.qa.gmail.testcases.GmailLogInTest"/>
  <system-out/>
</testsuite> <!-- com.qa.gmail.testcases.GmailLogInTest -->
